Determining if the pthread_create exist failed with the following output:
Change Dir: /home/luohanjie/SLAM/Code/catkin_ws_orbslam_loadmap/build/CMakeFiles/CMakeTmp

Run Build Command:/usr/bin/make "cmTryCompileExec211131153/fast"
/usr/bin/make -f CMakeFiles/cmTryCompileExec211131153.dir/build.make CMakeFiles/cmTryCompileExec211131153.dir/build
make[1]: Entering directory `/home/luohanjie/SLAM/Code/catkin_ws_orbslam_loadmap/build/CMakeFiles/CMakeTmp'
/usr/bin/cmake -E cmake_progress_report /home/luohanjie/SLAM/Code/catkin_ws_orbslam_loadmap/build/CMakeFiles/CMakeTmp/CMakeFiles 1
Building C object CMakeFiles/cmTryCompileExec211131153.dir/CheckSymbolExists.c.o
/usr/bin/cc    -o CMakeFiles/cmTryCompileExec211131153.dir/CheckSymbolExists.c.o   -c /home/luohanjie/SLAM/Code/catkin_ws_orbslam_loadmap/build/CMakeFiles/CMakeTmp/CheckSymbolExists.c
Linking C executable cmTryCompileExec211131153
/usr/bin/cmake -E cmake_link_script CMakeFiles/cmTryCompileExec211131153.dir/link.txt --verbose=1
/usr/bin/cc       CMakeFiles/cmTryCompileExec211131153.dir/CheckSymbolExists.c.o  -o cmTryCompileExec211131153 -rdynamic 
CMakeFiles/cmTryCompileExec211131153.dir/CheckSymbolExists.c.o: In function `main':
CheckSymbolExists.c:(.text+0x16): undefined reference to `pthread_create'
collect2: error: ld returned 1 exit status
make[1]: *** [cmTryCompileExec211131153] Error 1
make[1]: Leaving directory `/home/luohanjie/SLAM/Code/catkin_ws_orbslam_loadmap/build/CMakeFiles/CMakeTmp'
make: *** [cmTryCompileExec211131153/fast] Error 2

File /home/luohanjie/SLAM/Code/catkin_ws_orbslam_loadmap/build/CMakeFiles/CMakeTmp/CheckSymbolExists.c:
/* */
#include <pthread.h>

int main(int argc, char** argv)
{
  (void)argv;
#ifndef pthread_create
  return ((int*)(&pthread_create))[argc];
#else
  (void)argc;
  return 0;
#endif
}

Determining if the function pthread_create exists in the pthreads failed with the following output:
Change Dir: /home/luohanjie/SLAM/Code/catkin_ws_orbslam_loadmap/build/CMakeFiles/CMakeTmp

Run Build Command:/usr/bin/make "cmTryCompileExec3336156261/fast"
/usr/bin/make -f CMakeFiles/cmTryCompileExec3336156261.dir/build.make CMakeFiles/cmTryCompileExec3336156261.dir/build
make[1]: Entering directory `/home/luohanjie/SLAM/Code/catkin_ws_orbslam_loadmap/build/CMakeFiles/CMakeTmp'
/usr/bin/cmake -E cmake_progress_report /home/luohanjie/SLAM/Code/catkin_ws_orbslam_loadmap/build/CMakeFiles/CMakeTmp/CMakeFiles 1
Building C object CMakeFiles/cmTryCompileExec3336156261.dir/CheckFunctionExists.c.o
/usr/bin/cc   -DCHECK_FUNCTION_EXISTS=pthread_create   -o CMakeFiles/cmTryCompileExec3336156261.dir/CheckFunctionExists.c.o   -c /usr/share/cmake-2.8/Modules/CheckFunctionExists.c
Linking C executable cmTryCompileExec3336156261
/usr/bin/cmake -E cmake_link_script CMakeFiles/cmTryCompileExec3336156261.dir/link.txt --verbose=1
/usr/bin/cc   -DCHECK_FUNCTION_EXISTS=pthread_create    CMakeFiles/cmTryCompileExec3336156261.dir/CheckFunctionExists.c.o  -o cmTryCompileExec3336156261 -rdynamic -lpthreads 
/usr/bin/ld: cannot find -lpthreads
collect2: error: ld returned 1 exit status
make[1]: *** [cmTryCompileExec3336156261] Error 1
make[1]: Leaving directory `/home/luohanjie/SLAM/Code/catkin_ws_orbslam_loadmap/build/CMakeFiles/CMakeTmp'
make: *** [cmTryCompileExec3336156261/fast] Error 2


